2023.01.12 14:03:33 INFO  tracing is disabled for protocol LSP, to enable tracing of incoming and outgoing JSON messages create an empty file at /home/alexandre/Documents/estudos/java/springboot3-jpa/.metals/lsp.trace.json or /home/alexandre/.cache/metals/lsp.trace.json[0m
2023.01.12 14:03:33 INFO  logging to file /home/alexandre/Documents/estudos/java/springboot3-jpa/.metals/metals.log[0m
2023.01.12 14:03:33 INFO  Started: Metals version 0.11.10 in workspace '/home/alexandre/Documents/estudos/java/springboot3-jpa' for client Visual Studio Code 1.74.3.[0m
SLF4J: No SLF4J providers were found.
SLF4J: Defaulting to no-operation (NOP) logger implementation
SLF4J: See https://www.slf4j.org/codes.html#noProviders for further details.
SLF4J: Class path contains SLF4J bindings targeting slf4j-api versions 1.7.x or earlier.
SLF4J: Ignoring binding found at [jar:file:/home/alexandre/.cache/coursier/v1/https/repo1.maven.org/maven2/com/outr/scribe-slf4j_2.13/3.10.5/scribe-slf4j_2.13-3.10.5.jar!/org/slf4j/impl/StaticLoggerBinder.class]
SLF4J: See https://www.slf4j.org/codes.html#ignoredBindings for an explanation.
2023.01.12 14:03:36 INFO  time: initialize in 2.17s[0m
2023.01.12 14:03:39 WARN  Build server is not auto-connectable.[0m
2023.01.12 14:03:39 WARN  no build target for: /home/alexandre/Documents/estudos/java/springboot3-jpa/src/main/java/com/parkus/springboot3jpa/Springboot3JpaApplication.java[0m
2023.01.12 14:03:42 INFO  time: code lens generation in 2.45s[0m
2023.01.12 14:08:31 WARN  no build target for: /home/alexandre/Documents/estudos/java/springboot3-jpa/src/main/java/com/parkus/springboot3jpa/entities/User.java[0m
jan. 12, 2023 2:08:46 PM org.eclipse.lsp4j.jsonrpc.RemoteEndpoint handleCancellation
WARNING: Unmatched cancel notification for request id 33
jan. 12, 2023 2:08:47 PM org.eclipse.lsp4j.jsonrpc.RemoteEndpoint handleCancellation
WARNING: Unmatched cancel notification for request id 35
jan. 12, 2023 2:09:26 PM org.eclipse.lsp4j.jsonrpc.RemoteEndpoint handleCancellation
WARNING: Unmatched cancel notification for request id 120
jan. 12, 2023 2:10:49 PM org.eclipse.lsp4j.jsonrpc.RemoteEndpoint handleCancellation
WARNING: Unmatched cancel notification for request id 195
2023.01.12 14:10:51 WARN  no build target for: /home/alexandre/Documents/estudos/java/springboot3-jpa/src/main/java/com/parkus/springboot3jpa/entities/User.java[0m
jan. 12, 2023 2:12:49 PM org.eclipse.lsp4j.jsonrpc.RemoteEndpoint handleCancellation
WARNING: Unmatched cancel notification for request id 270
2023.01.12 14:12:52 WARN  no build target for: /home/alexandre/Documents/estudos/java/springboot3-jpa/src/main/java/com/parkus/springboot3jpa/entities/User.java[0m
2023.01.12 14:13:23 WARN  no build target for: /home/alexandre/Documents/estudos/java/springboot3-jpa/src/main/java/com/parkus/springboot3jpa/UserResource.java[0m
2023.01.12 14:14:23 WARN  no build target for: /home/alexandre/Documents/estudos/java/springboot3-jpa/src/main/java/com/parkus/springboot3jpa/resources/UserResource.java[0m
2023.01.12 14:14:25 INFO  time: code lens generation in 1.15s[0m
jan. 12, 2023 2:14:29 PM org.eclipse.lsp4j.jsonrpc.RemoteEndpoint handleCancellation
WARNING: Unmatched cancel notification for request id 333
2023.01.12 14:16:32 WARN  no build target for: /home/alexandre/Documents/estudos/java/springboot3-jpa/src/main/java/com/parkus/springboot3jpa/resources/UserResource.java[0m
2023.01.12 14:16:34 INFO  time: code lens generation in 1.84s[0m
2023.01.12 14:16:40 WARN  no build target for: /home/alexandre/Documents/estudos/java/springboot3-jpa/src/main/java/com/parkus/springboot3jpa/resources/UserResource.java[0m
2023.01.12 14:16:48 WARN  no build target for: /home/alexandre/Documents/estudos/java/springboot3-jpa/src/main/java/com/parkus/springboot3jpa/resources/UserResource.java[0m
2023.01.12 14:27:13 WARN  no build target for: /home/alexandre/Documents/estudos/java/springboot3-jpa/src/main/java/com/parkus/springboot3jpa/entities/User.java[0m
2023.01.12 14:27:46 WARN  no build target for: /home/alexandre/Documents/estudos/java/springboot3-jpa/src/main/java/com/parkus/springboot3jpa/entities/User.java[0m
2023.01.12 14:28:08 WARN  no build target for: /home/alexandre/Documents/estudos/java/springboot3-jpa/src/main/java/com/parkus/springboot3jpa/entities/User.java[0m
2023.01.12 14:28:16 WARN  no build target for: /home/alexandre/Documents/estudos/java/springboot3-jpa/src/main/java/com/parkus/springboot3jpa/entities/User.java[0m
2023.01.12 14:28:23 WARN  no build target for: /home/alexandre/Documents/estudos/java/springboot3-jpa/src/main/java/com/parkus/springboot3jpa/Springboot3JpaApplication.java[0m
2023.01.12 14:30:19 WARN  no build target for: /home/alexandre/Documents/estudos/java/springboot3-jpa/src/main/java/com/parkus/springboot3jpa/entities/User.java[0m
2023.01.12 14:30:23 WARN  no build target for: /home/alexandre/Documents/estudos/java/springboot3-jpa/src/main/java/com/parkus/springboot3jpa/entities/User.java[0m
2023.01.12 14:30:37 WARN  no build target for: /home/alexandre/Documents/estudos/java/springboot3-jpa/src/main/java/com/parkus/springboot3jpa/entities/User.java[0m
2023.01.12 14:30:45 WARN  no build target for: /home/alexandre/Documents/estudos/java/springboot3-jpa/src/main/java/com/parkus/springboot3jpa/entities/User.java[0m
2023.01.12 14:30:49 WARN  no build target for: /home/alexandre/Documents/estudos/java/springboot3-jpa/src/main/java/com/parkus/springboot3jpa/entities/User.java[0m
jan. 12, 2023 2:42:56 PM org.eclipse.lsp4j.jsonrpc.services.GenericEndpoint notify
INFO: Unsupported notification method: $/setTrace
2023.01.12 15:01:03 INFO  shutting down Metals[0m
2023.01.12 15:02:51 INFO  tracing is disabled for protocol LSP, to enable tracing of incoming and outgoing JSON messages create an empty file at /home/alexandre/Documents/estudos/java/springboot3-jpa/.metals/lsp.trace.json or /home/alexandre/.cache/metals/lsp.trace.json[0m
2023.01.12 15:02:55 INFO  logging to file /home/alexandre/Documents/estudos/java/springboot3-jpa/.metals/metals.log[0m
2023.01.12 15:02:55 INFO  Started: Metals version 0.11.10 in workspace '/home/alexandre/Documents/estudos/java/springboot3-jpa' for client Visual Studio Code 1.74.3.[0m
SLF4J: No SLF4J providers were found.
SLF4J: Defaulting to no-operation (NOP) logger implementation
SLF4J: See https://www.slf4j.org/codes.html#noProviders for further details.
SLF4J: Class path contains SLF4J bindings targeting slf4j-api versions 1.7.x or earlier.
SLF4J: Ignoring binding found at [jar:file:/home/alexandre/.cache/coursier/v1/https/repo1.maven.org/maven2/com/outr/scribe-slf4j_2.13/3.10.5/scribe-slf4j_2.13-3.10.5.jar!/org/slf4j/impl/StaticLoggerBinder.class]
SLF4J: See https://www.slf4j.org/codes.html#ignoredBindings for an explanation.
2023.01.12 15:03:03 INFO  time: initialize in 7.81s[0m
2023.01.12 15:03:14 WARN  Build server is not auto-connectable.[0m
2023.01.12 15:03:14 WARN  no build target for: /home/alexandre/Documents/estudos/java/springboot3-jpa/src/main/java/com/parkus/springboot3jpa/entities/User.java[0m
2023.01.12 15:03:16 INFO  skipping build import with status 'Dismissed'[0m
jan. 12, 2023 3:03:20 PM org.eclipse.lsp4j.jsonrpc.RemoteEndpoint handleCancellation
WARNING: Unmatched cancel notification for request id 4
jan. 12, 2023 3:03:20 PM org.eclipse.lsp4j.jsonrpc.RemoteEndpoint handleCancellation
WARNING: Unmatched cancel notification for request id 2
2023.01.12 15:03:23 INFO  time: code lens generation in 3.17s[0m
2023.01.12 15:03:23 INFO  time: code lens generation in 2.77s[0m
2023.01.12 15:05:33 WARN  no build target for: /home/alexandre/Documents/estudos/java/springboot3-jpa/src/main/java/com/parkus/springboot3jpa/repositories/UserRepository.java[0m
2023.01.12 15:05:56 WARN  no build target for: /home/alexandre/Documents/estudos/java/springboot3-jpa/src/main/java/com/parkus/springboot3jpa/repositories/UserRepository.java[0m
2023.01.12 15:06:07 WARN  no build target for: /home/alexandre/Documents/estudos/java/springboot3-jpa/src/main/java/com/parkus/springboot3jpa/repositories/UserRepository.java[0m
2023.01.12 15:07:06 WARN  no build target for: /home/alexandre/Documents/estudos/java/springboot3-jpa/src/main/java/com/parkus/springboot3jpa/config/TestConfig.java[0m
2023.01.12 15:07:08 INFO  time: code lens generation in 1.07s[0m
2023.01.12 15:08:21 WARN  no build target for: /home/alexandre/Documents/estudos/java/springboot3-jpa/src/main/java/com/parkus/springboot3jpa/config/TestConfig.java[0m
jan. 12, 2023 3:08:50 PM org.eclipse.lsp4j.jsonrpc.RemoteEndpoint handleCancellation
WARNING: Unmatched cancel notification for request id 208
jan. 12, 2023 3:08:51 PM org.eclipse.lsp4j.jsonrpc.RemoteEndpoint handleCancellation
WARNING: Unmatched cancel notification for request id 211
2023.01.12 15:09:03 WARN  no build target for: /home/alexandre/Documents/estudos/java/springboot3-jpa/src/main/java/com/parkus/springboot3jpa/config/TestConfig.java[0m
2023.01.12 15:09:23 WARN  no build target for: /home/alexandre/Documents/estudos/java/springboot3-jpa/src/main/java/com/parkus/springboot3jpa/resources/UserResource.java[0m
2023.01.12 15:09:26 INFO  time: code lens generation in 2.17s[0m
jan. 12, 2023 3:09:33 PM org.eclipse.lsp4j.jsonrpc.RemoteEndpoint handleCancellation
WARNING: Unmatched cancel notification for request id 277
2023.01.12 15:10:16 WARN  no build target for: /home/alexandre/Documents/estudos/java/springboot3-jpa/src/main/java/com/parkus/springboot3jpa/config/TestConfig.java[0m
2023.01.12 15:10:59 WARN  no build target for: /home/alexandre/Documents/estudos/java/springboot3-jpa/src/main/java/com/parkus/springboot3jpa/config/TestConfig.java[0m
2023.01.12 15:11:03 INFO  time: code lens generation in 3.77s[0m
2023.01.12 15:11:05 WARN  no build target for: /home/alexandre/Documents/estudos/java/springboot3-jpa/src/main/java/com/parkus/springboot3jpa/config/TestConfig.java[0m
2023.01.12 15:11:08 INFO  time: code lens generation in 2.13s[0m
2023.01.12 15:11:23 WARN  no build target for: /home/alexandre/Documents/estudos/java/springboot3-jpa/src/main/java/com/parkus/springboot3jpa/Springboot3JpaApplication.java[0m
2023.01.12 15:11:24 INFO  time: code lens generation in 1.2s[0m
2023.01.12 15:13:07 WARN  no build target for: /home/alexandre/Documents/estudos/java/springboot3-jpa/src/main/java/com/parkus/springboot3jpa/Springboot3JpaApplication.java[0m
2023.01.12 15:21:34 WARN  no build target for: /home/alexandre/Documents/estudos/java/springboot3-jpa/src/main/java/com/parkus/springboot3jpa/entities/User.java[0m
2023.01.12 15:21:38 WARN  no build target for: /home/alexandre/Documents/estudos/java/springboot3-jpa/src/main/java/com/parkus/springboot3jpa/entities/User.java[0m
2023.01.12 15:21:41 WARN  no build target for: /home/alexandre/Documents/estudos/java/springboot3-jpa/src/main/java/com/parkus/springboot3jpa/Springboot3JpaApplication.java[0m
2023.01.12 15:23:57 INFO  skipping build import with status 'Dismissed'[0m
2023.01.12 15:24:10 WARN  no build target for: /home/alexandre/Documents/estudos/java/springboot3-jpa/src/main/java/com/parkus/springboot3jpa/entities/User.java[0m
2023.01.12 15:24:13 INFO  time: code lens generation in 2.33s[0m
2023.01.12 15:25:49 WARN  no build target for: /home/alexandre/Documents/estudos/java/springboot3-jpa/src/main/java/com/parkus/springboot3jpa/entities/User.java[0m
2023.01.12 15:26:20 WARN  no build target for: /home/alexandre/Documents/estudos/java/springboot3-jpa/src/main/java/com/parkus/springboot3jpa/entities/User.java[0m
2023.01.12 15:27:21 WARN  no build target for: /home/alexandre/Documents/estudos/java/springboot3-jpa/src/main/java/com/parkus/springboot3jpa/entities/User.java[0m
2023.01.12 15:27:23 WARN  no build target for: /home/alexandre/Documents/estudos/java/springboot3-jpa/src/main/java/com/parkus/springboot3jpa/repositories/UserRepository.java[0m
2023.01.12 15:27:52 WARN  no build target for: /home/alexandre/Documents/estudos/java/springboot3-jpa/src/main/java/com/parkus/springboot3jpa/Springboot3JpaApplication.java[0m
2023.01.12 15:29:31 WARN  no build target for: /home/alexandre/Documents/estudos/java/springboot3-jpa/src/main/java/com/parkus/springboot3jpa/config/TestConfig.java[0m
